2022-08-19 - 19:19:58 INFO: Imported data from data/tbi_ymcombined.csv
2022-08-19 - 19:20:00 INFO: Lemmatized doc #0
2022-08-19 - 19:20:00 INFO: Lemmatized doc #10
2022-08-19 - 19:20:00 INFO: Lemmatized doc #20
2022-08-19 - 19:20:01 INFO: Lemmatized doc #30
2022-08-19 - 19:20:01 INFO: Lemmatized doc #40
2022-08-19 - 19:20:01 INFO: Lemmatized doc #50
2022-08-19 - 19:20:01 INFO: Lemmatized doc #60
2022-08-19 - 19:20:02 INFO: Lemmatized doc #70
2022-08-19 - 19:20:02 INFO: Lemmatized doc #80
2022-08-19 - 19:20:02 INFO: Lemmatized doc #90
2022-08-19 - 19:20:03 INFO: Lemmatized doc #100
2022-08-19 - 19:20:03 INFO: Lemmatized doc #110
2022-08-19 - 19:20:03 INFO: Lemmatized doc #120
2022-08-19 - 19:20:03 INFO: Lemmatized doc #130
2022-08-19 - 19:20:04 INFO: Lemmatized doc #140
2022-08-19 - 19:20:04 INFO: Lemmatized doc #150
2022-08-19 - 19:20:04 INFO: Lemmatized doc #160
2022-08-19 - 19:20:05 INFO: Lemmatized doc #170
2022-08-19 - 19:20:05 INFO: Lemmatized doc #180
2022-08-19 - 19:20:05 INFO: Lemmatized doc #190
2022-08-19 - 19:20:05 INFO: Lemmatized doc #200
2022-08-19 - 19:20:06 INFO: Lemmatized doc #210
2022-08-19 - 19:20:06 INFO: Lemmatized doc #220
2022-08-19 - 19:20:06 INFO: Lemmatized doc #230
2022-08-19 - 19:20:07 INFO: Lemmatized doc #240
2022-08-19 - 19:20:07 INFO: Lemmatized doc #250
2022-08-19 - 19:20:07 INFO: Lemmatized doc #260
2022-08-19 - 19:20:07 INFO: Lemmatized doc #270
2022-08-19 - 19:20:08 INFO: Lemmatized doc #280
2022-08-19 - 19:20:08 INFO: Lemmatized doc #290
2022-08-19 - 19:20:08 INFO: Lemmatized doc #300
2022-08-19 - 19:20:08 INFO: Lemmatized doc #310
2022-08-19 - 19:20:09 INFO: Lemmatized doc #320
2022-08-19 - 19:20:09 INFO: Lemmatized doc #330
2022-08-19 - 19:20:09 INFO: Lemmatized doc #340
2022-08-19 - 19:20:09 INFO: Lemmatized doc #350
2022-08-19 - 19:20:10 INFO: Lemmatized doc #360
2022-08-19 - 19:20:10 INFO: Lemmatized doc #370
2022-08-19 - 19:20:10 INFO: Lemmatized doc #380
2022-08-19 - 19:20:11 INFO: Lemmatized doc #390
2022-08-19 - 19:20:11 INFO: Lemmatized doc #400
2022-08-19 - 19:20:11 INFO: Lemmatized doc #410
2022-08-19 - 19:20:11 INFO: Lemmatized doc #420
2022-08-19 - 19:20:12 INFO: Lemmatized doc #430
2022-08-19 - 19:20:12 INFO: Lemmatized doc #440
2022-08-19 - 19:20:12 INFO: Lemmatized doc #450
2022-08-19 - 19:20:13 INFO: Lemmatized doc #460
2022-08-19 - 19:20:13 INFO: Lemmatized doc #470
2022-08-19 - 19:20:13 INFO: Lemmatized doc #480
2022-08-19 - 19:20:13 INFO: Lemmatized doc #490
2022-08-19 - 19:20:14 INFO: Lemmatized doc #500
2022-08-19 - 19:20:14 INFO: Lemmatized doc #510
2022-08-19 - 19:20:14 INFO: Lemmatized doc #520
2022-08-19 - 19:20:15 INFO: Lemmatized doc #530
2022-08-19 - 19:20:15 INFO: Lemmatized doc #540
2022-08-19 - 19:20:15 INFO: Lemmatized doc #550
2022-08-19 - 19:20:15 INFO: Lemmatized doc #560
2022-08-19 - 19:20:16 INFO: Lemmatized doc #570
2022-08-19 - 19:20:16 INFO: Lemmatized doc #580
2022-08-19 - 19:20:16 INFO: Lemmatized doc #590
2022-08-19 - 19:20:16 INFO: Lemmatized doc #600
2022-08-19 - 19:20:17 INFO: Lemmatized doc #610
2022-08-19 - 19:20:17 INFO: Lemmatized doc #620
2022-08-19 - 19:20:17 INFO: Lemmatized doc #630
2022-08-19 - 19:20:17 INFO: Lemmatized doc #640
2022-08-19 - 19:20:18 INFO: Lemmatized doc #650
2022-08-19 - 19:20:18 INFO: Lemmatized doc #660
2022-08-19 - 19:20:18 INFO: Lemmatized doc #670
2022-08-19 - 19:20:18 INFO: Lemmatized doc #680
2022-08-19 - 19:20:19 INFO: Lemmatized doc #690
2022-08-19 - 19:20:19 INFO: Lemmatized doc #700
2022-08-19 - 19:20:19 INFO: Lemmatized doc #710
2022-08-19 - 19:20:19 INFO: Lemmatized doc #720
2022-08-19 - 19:20:20 INFO: Lemmatized doc #730
2022-08-19 - 19:20:20 INFO: Lemmatized doc #740
2022-08-19 - 19:20:20 INFO: Lemmatized doc #750
2022-08-19 - 19:20:20 INFO: Lemmatized doc #760
2022-08-19 - 19:20:21 INFO: Lemmatized doc #770
2022-08-19 - 19:20:21 INFO: Lemmatized doc #780
2022-08-19 - 19:20:21 INFO: Lemmatized doc #790
2022-08-19 - 19:20:22 INFO: Lemmatized doc #800
2022-08-19 - 19:20:22 INFO: Lemmatized doc #810
2022-08-19 - 19:20:22 INFO: Lemmatized doc #820
2022-08-19 - 19:20:22 INFO: Lemmatized doc #830
2022-08-19 - 19:20:22 INFO: Lemmatized doc #840
2022-08-19 - 19:20:23 INFO: Lemmatized doc #850
2022-08-19 - 19:20:23 INFO: Lemmatized doc #860
2022-08-19 - 19:20:23 INFO: Lemmatized doc #870
2022-08-19 - 19:20:24 INFO: Lemmatized doc #880
2022-08-19 - 19:20:24 INFO: Lemmatized doc #890
2022-08-19 - 19:20:24 INFO: Lemmatized doc #900
2022-08-19 - 19:20:24 INFO: Lemmatized doc #910
2022-08-19 - 19:20:25 INFO: Lemmatized doc #920
2022-08-19 - 19:20:25 INFO: Lemmatized doc #930
2022-08-19 - 19:20:25 INFO: Lemmatized doc #940
2022-08-19 - 19:20:25 INFO: Lemmatized doc #950
2022-08-19 - 19:20:26 INFO: Lemmatized doc #960
2022-08-19 - 19:20:26 INFO: Lemmatized doc #970
2022-08-19 - 19:20:26 INFO: Lemmatized doc #980
2022-08-19 - 19:20:26 INFO: Lemmatized doc #990
2022-08-19 - 19:20:27 INFO: Lemmatized doc #1000
2022-08-19 - 19:20:27 INFO: Lemmatized doc #1010
2022-08-19 - 19:20:27 INFO: Lemmatized doc #1020
2022-08-19 - 19:20:27 INFO: Lemmatized doc #1030
2022-08-19 - 19:20:28 INFO: Lemmatized doc #1040
2022-08-19 - 19:20:28 INFO: Lemmatized doc #1050
2022-08-19 - 19:20:28 INFO: Lemmatized doc #1060
2022-08-19 - 19:20:29 INFO: Lemmatized doc #1070
2022-08-19 - 19:20:29 INFO: Lemmatized doc #1080
2022-08-19 - 19:20:29 INFO: Lemmatized doc #1090
2022-08-19 - 19:20:29 INFO: Lemmatized doc #1100
2022-08-19 - 19:20:30 INFO: Lemmatized doc #1110
2022-08-19 - 19:20:30 INFO: Lemmatized doc #1120
2022-08-19 - 19:20:30 INFO: Lemmatized doc #1130
2022-08-19 - 19:20:31 INFO: Lemmatized doc #1140
2022-08-19 - 19:20:31 INFO: Lemmatized doc #1150
2022-08-19 - 19:20:31 INFO: Lemmatized doc #1160
2022-08-19 - 19:20:32 INFO: Lemmatized doc #1170
2022-08-19 - 19:20:32 INFO: Lemmatized doc #1180
2022-08-19 - 19:20:32 INFO: Lemmatized doc #1190
2022-08-19 - 19:20:32 INFO: Lemmatized doc #1200
2022-08-19 - 19:20:33 INFO: Lemmatized doc #1210
2022-08-19 - 19:20:33 INFO: Lemmatized doc #1220
2022-08-19 - 19:20:33 INFO: Lemmatized doc #1230
2022-08-19 - 19:20:34 INFO: Lemmatized doc #1240
2022-08-19 - 19:20:34 INFO: Lemmatized doc #1250
2022-08-19 - 19:20:34 INFO: Lemmatized doc #1260
2022-08-19 - 19:20:35 INFO: Lemmatized doc #1270
2022-08-19 - 19:20:35 INFO: Lemmatized doc #1280
2022-08-19 - 19:20:35 INFO: Lemmatized doc #1290
2022-08-19 - 19:20:35 INFO: Lemmatized doc #1300
2022-08-19 - 19:20:36 INFO: Lemmatized doc #1310
2022-08-19 - 19:20:36 INFO: Lemmatized doc #1320
2022-08-19 - 19:20:36 INFO: Lemmatized doc #1330
2022-08-19 - 19:20:36 INFO: Lemmatized doc #1340
2022-08-19 - 19:20:37 INFO: Lemmatized doc #1350
2022-08-19 - 19:20:37 INFO: Lemmatized doc #1360
2022-08-19 - 19:20:37 INFO: Lemmatized doc #1370
2022-08-19 - 19:20:37 INFO: Lemmatized doc #1380
2022-08-19 - 19:20:38 INFO: Lemmatized doc #1390
2022-08-19 - 19:20:38 INFO: Lemmatized doc #1400
2022-08-19 - 19:20:38 INFO: Lemmatized doc #1410
2022-08-19 - 19:20:43 INFO: Saved vocab and bow tuple in data/tbi_ymcombined_vocab_bow.dat
2022-08-19 - 19:20:57 INFO: Saved LDA visualization to figures/tbi_ymcombined_lda_n11.html
2022-08-19 - 19:20:59 INFO: Successfully saved annotations to data/tbi_ymcombined_annotlda.csv
